[caketheme.com/html/ruper/index10.html]
[backblue.gif]
[fade.gif]
[index.html]
[caketheme.com/html/ruper/media/favicon.png]
[caketheme.com/html/ruper/libs/feather-font/css/iconfont.css]
[caketheme.com/html/ruper/libs/bootstrap/css/bootstrap.min.css]
[caketheme.com/html/ruper/libs/icomoon-font/css/icomoon.css]
[caketheme.com/html/ruper/libs/font-awesome/css/font-awesome.css]
[caketheme.com/html/ruper/libs/wpbingofont/css/wpbingofont.css]
[caketheme.com/html/ruper/libs/elegant-icons/css/elegant.css]
[caketheme.com/html/ruper/libs/slick/css/slick.css]
[caketheme.com/html/ruper/libs/slick/css/slick-theme.css]
[caketheme.com/html/ruper/libs/mmenu/css/mmenu.min.css]
[caketheme.com/html/ruper/assets/css/responsive.css]
[caketheme.com/html/ruper/media/logo-white.png]
[caketheme.com/html/ruper/shop-grid-left.html]
[caketheme.com/html/ruper/assets/css/app.css]
[caketheme.com/html/ruper/shop-details.html]
[caketheme.com/html/ruper/media/product/3.jpg]
[caketheme.com/html/ruper/media/product/1.jpg]
[caketheme.com/html/ruper/shop-cart.html]
[caketheme.com/html/ruper/shop-checkout.html]
[caketheme.com/html/ruper/page-my-account.html]
[caketheme.com/html/ruper/shop-wishlist.html]
[caketheme.com/html/ruper/index.html]
[caketheme.com/html/ruper/index2.html]
[caketheme.com/html/ruper/index3.html]
[caketheme.com/html/ruper/index4.html]
[caketheme.com/html/ruper/index5.html]
[caketheme.com/html/ruper/index6.html]
[caketheme.com/html/ruper/index7.html]
[caketheme.com/html/ruper/index8.html]
[caketheme.com/html/ruper/index9.html]
[caketheme.com/html/ruper/index11.html]
[caketheme.com/html/ruper/index12.html]
[caketheme.com/html/ruper/index13.html]
[caketheme.com/html/ruper/index14.html]
[caketheme.com/html/ruper/index15.html]
[caketheme.com/html/ruper/shop-list-left.html]
[caketheme.com/html/ruper/shop-grid-right.html]
[caketheme.com/html/ruper/shop-list-right.html]
[caketheme.com/html/ruper/shop-grid-fullwidth.html]
[caketheme.com/html/ruper/blog-grid-left.html]
[caketheme.com/html/ruper/blog-grid-right.html]
[caketheme.com/html/ruper/blog-list-left.html]
[caketheme.com/html/ruper/blog-list-right.html]
[caketheme.com/html/ruper/blog-grid-fullwidth.html]
[caketheme.com/html/ruper/blog-details-left.html]
[caketheme.com/html/ruper/blog-details-right.html]
[caketheme.com/html/ruper/blog-details-fullwidth.html]
[caketheme.com/html/ruper/media/blog/1.jpg]
[caketheme.com/html/ruper/media/blog/2.jpg]
[caketheme.com/html/ruper/media/blog/3.jpg]
[caketheme.com/html/ruper/page-login.html]
[caketheme.com/html/ruper/page-forgot-password.html]
[caketheme.com/html/ruper/page-about.html]
[caketheme.com/html/ruper/page-faq.html]
[caketheme.com/html/ruper/page-404.html]
[caketheme.com/html/ruper/page-contact.html]
[caketheme.com/html/ruper/media/slider/28.jpg]
[caketheme.com/html/ruper/media/slider/29.jpg]
[caketheme.com/html/ruper/media/slider/30.jpg]
[caketheme.com/html/ruper/media/product/cat-1.jpg]
[caketheme.com/html/ruper/media/product/cat-2.jpg]
[caketheme.com/html/ruper/media/product/cat-3.jpg]
[caketheme.com/html/ruper/media/product/cat-4.jpg]
[caketheme.com/html/ruper/media/product/cat-5.jpg]
[caketheme.com/html/ruper/media/product/cat-6.jpg]
[caketheme.com/html/ruper/media/banner/product-cat-5.jpg]
[caketheme.com/html/ruper/media/banner/product-cat-6.jpg]
[caketheme.com/html/ruper/media/banner/product-cat-7.jpg]
[caketheme.com/html/ruper/media/product/1-2.jpg]
[caketheme.com/html/ruper/media/product/2.jpg]
[caketheme.com/html/ruper/media/product/2-2.jpg]
[caketheme.com/html/ruper/media/product/3-2.jpg]
[caketheme.com/html/ruper/media/product/4.jpg]
[caketheme.com/html/ruper/media/product/4-2.jpg]
[caketheme.com/html/ruper/media/product/5.jpg]
[caketheme.com/html/ruper/media/product/5-2.jpg]
[caketheme.com/html/ruper/media/banner/lookbook-5.jpg]
[caketheme.com/html/ruper/media/product/7.jpg]
[caketheme.com/html/ruper/media/product/cat-15.jpg]
[caketheme.com/html/ruper/media/product/cat-16.jpg]
[caketheme.com/html/ruper/media/product/cat-17.jpg]
[caketheme.com/html/ruper/media/product/cat-18.jpg]
[caketheme.com/html/ruper/media/brand/1.jpg]
[caketheme.com/html/ruper/media/brand/2.jpg]
[caketheme.com/html/ruper/media/brand/3.jpg]
[caketheme.com/html/ruper/media/brand/4.jpg]
[caketheme.com/html/ruper/media/brand/5.jpg]
[caketheme.com/html/ruper/media/logo.png]
[caketheme.com/html/ruper/media/payments.png]
[caketheme.com/html/ruper/libs/popper/js/popper.min.js]
[caketheme.com/html/ruper/libs/jquery/js/jquery.min.js]
[caketheme.com/html/ruper/libs/bootstrap/js/bootstrap.min.js]
[caketheme.com/html/ruper/libs/slick/js/slick.min.js]
[caketheme.com/html/ruper/libs/countdown/js/jquery.countdown.min.js]
[caketheme.com/html/ruper/libs/mmenu/js/jquery.mmenu.all.min.js]
[caketheme.com/html/ruper/assets/js/app.js]
[caketheme.com/html/ruper/index10.html]
[caketheme.com/html/ruper/libs/bootstrap/css/bootstrap.min.css]
[caketheme.com/html/ruper/libs/feather-font/fonts/feather144f.ttf]
[caketheme.com/html/ruper/libs/feather-font/fonts/feather144f.woff]
[caketheme.com/html/ruper/libs/feather-font/css/iconfont.css]
[caketheme.com/html/ruper/libs/icomoon-font/fonts/icomoon6dbe.eot]
[caketheme.com/html/ruper/libs/icomoon-font/fonts/icomoon6dbe.ttf]
[caketheme.com/html/ruper/libs/icomoon-font/fonts/icomoon6dbe.woff]
[caketheme.com/html/ruper/libs/icomoon-font/css/icomoon.css]
[caketheme.com/html/ruper/libs/font-awesome/fonts/fontawesome-webfont3e6e.eot]
[caketheme.com/html/ruper/libs/font-awesome/fonts/fontawesome-webfontd41d.eot]
[caketheme.com/html/ruper/libs/font-awesome/fonts/fontawesome-webfont3e6e.woff2]
[caketheme.com/html/ruper/libs/font-awesome/fonts/fontawesome-webfont3e6e.woff]
[caketheme.com/html/ruper/libs/font-awesome/fonts/fontawesome-webfont3e6e.ttf]
[caketheme.com/html/ruper/libs/font-awesome/css/font-awesome.css]
[caketheme.com/html/ruper/libs/wpbingofont/fonts/wpbingo6dbe.eot]
[caketheme.com/html/ruper/libs/wpbingofont/fonts/wpbingo6dbe.ttf]
[caketheme.com/html/ruper/libs/wpbingofont/fonts/wpbingo6dbe.woff]
[caketheme.com/html/ruper/libs/wpbingofont/css/wpbingofont.css]
[caketheme.com/html/ruper/libs/elegant-icons/fonts/ElegantIcons.eot]
[caketheme.com/html/ruper/libs/elegant-icons/fonts/ElegantIconsd41d.eot]
[caketheme.com/html/ruper/libs/elegant-icons/fonts/ElegantIcons.woff]
[caketheme.com/html/ruper/libs/elegant-icons/fonts/ElegantIcons.ttf]
[caketheme.com/html/ruper/libs/elegant-icons/css/elegant.css]
[caketheme.com/html/ruper/libs/slick/css/slick.css]
[caketheme.com/html/ruper/libs/slick/ajax-loader.gif]
[caketheme.com/html/ruper/libs/slick/fonts/slick.eot]
[caketheme.com/html/ruper/libs/slick/fonts/slickd41d.eot]
[caketheme.com/html/ruper/libs/slick/fonts/slick.woff]
[caketheme.com/html/ruper/libs/slick/fonts/slick.ttf]
[caketheme.com/html/ruper/libs/slick/css/slick-theme.css]
[caketheme.com/html/ruper/libs/mmenu/css/mmenu.min.css]
[caketheme.com/html/ruper/media/banner/newsletter-bg.jpg]
[caketheme.com/html/ruper/media/banner/contact-bg.jpg]
[caketheme.com/html/ruper/media/site-header.jpg]
[caketheme.com/html/ruper/media/banner/banner-bg.jpg]
[caketheme.com/html/ruper/media/banner/parallax.jpg]
[caketheme.com/html/ruper/assets/css/app.css]
[caketheme.com/html/ruper/assets/css/responsive.css]
[caketheme.com/html/ruper/libs/slider/css/jslider.css]
[caketheme.com/html/ruper/media/product/6.jpg]
[caketheme.com/html/ruper/media/product/8.jpg]
[caketheme.com/html/ruper/media/product/9.jpg]
[caketheme.com/html/ruper/media/product/6-2.jpg]
[caketheme.com/html/ruper/media/product/7-2.jpg]
[caketheme.com/html/ruper/media/product/8-2.jpg]
[caketheme.com/html/ruper/media/product/9-2.jpg]
[caketheme.com/html/ruper/media/product/10.jpg]
[caketheme.com/html/ruper/media/product/10-2.jpg]
[caketheme.com/html/ruper/media/product/11.jpg]
[caketheme.com/html/ruper/media/product/11-2.jpg]
[caketheme.com/html/ruper/media/product/12.jpg]
[caketheme.com/html/ruper/media/product/12-2.jpg]
[caketheme.com/html/ruper/libs/slider/js/tmpl.js]
[caketheme.com/html/ruper/libs/slider/js/jquery.dependClass-0.1.js]
[caketheme.com/html/ruper/libs/slider/js/draggable-0.1.js]
[caketheme.com/html/ruper/shop-grid-left.html]
[caketheme.com/html/ruper/libs/slider/js/jquery.slider.js]
[caketheme.com/html/ruper/media/product/9-3.jpg]
[caketheme.com/html/ruper/media/user.jpg]
[caketheme.com/html/ruper/shop-details.html]
[caketheme.com/html/ruper/shop-cart.html]
[caketheme.com/html/ruper/libs/elevatezoom/js/jquery.elevatezoom.js]
[caketheme.com/html/ruper/libs/select2/css/select2.min.css]
[caketheme.com/html/ruper/shop-checkout.html]
[caketheme.com/html/ruper/page-my-account.html]
[caketheme.com/html/ruper/shop-wishlist.html]
[caketheme.com/html/ruper/libs/select2/js/select2.min.js]
[caketheme.com/html/ruper/media/slider/1.jpg]
[caketheme.com/html/ruper/media/slider/2.jpg]
[caketheme.com/html/ruper/media/slider/3.jpg]
[caketheme.com/html/ruper/media/banner/product-cat-1.jpg]
[caketheme.com/html/ruper/media/banner/product-cat-2.jpg]
[caketheme.com/html/ruper/media/banner/product-cat-3.jpg]
[caketheme.com/html/ruper/media/banner/product-cat-4.jpg]
[caketheme.com/html/ruper/media/banner/banner-1.jpg]
[caketheme.com/html/ruper/media/banner/banner-2.jpg]
[caketheme.com/html/ruper/media/banner/video-1.jpg]
[caketheme.com/html/ruper/index.html]
[caketheme.com/html/ruper/media/slider/4.jpg]
[caketheme.com/html/ruper/media/slider/5.jpg]
[caketheme.com/html/ruper/media/slider/6.jpg]
[caketheme.com/html/ruper/media/banner/banner-3.jpg]
[caketheme.com/html/ruper/media/banner/banner-4.jpg]
[caketheme.com/html/ruper/media/banner/banner-5.jpg]
[caketheme.com/html/ruper/media/banner/lookbook-1.jpg]
[caketheme.com/html/ruper/media/testimonial/1.jpg]
[caketheme.com/html/ruper/media/testimonial/2.jpg]
[caketheme.com/html/ruper/media/testimonial/3.jpg]
[caketheme.com/html/ruper/index2.html]
[caketheme.com/html/ruper/media/slider/7.jpg]
[caketheme.com/html/ruper/media/slider/8.jpg]
[caketheme.com/html/ruper/media/slider/9.jpg]
[caketheme.com/html/ruper/media/logo-intro.png]
[caketheme.com/html/ruper/media/banner/banner-6.jpg]
[caketheme.com/html/ruper/media/banner/banner-7.jpg]
[caketheme.com/html/ruper/media/banner/banner-8.jpg]
[caketheme.com/html/ruper/media/banner/newsletter-1.jpg]
[caketheme.com/html/ruper/media/product/cat-7.jpg]
[caketheme.com/html/ruper/media/product/cat-8.jpg]
[caketheme.com/html/ruper/media/product/cat-9.jpg]
[caketheme.com/html/ruper/media/product/cat-10.jpg]
[caketheme.com/html/ruper/media/testimonial/4.jpg]
[caketheme.com/html/ruper/index3.html]
[caketheme.com/html/ruper/media/slider/10.jpg]
[caketheme.com/html/ruper/media/slider/11.jpg]
[caketheme.com/html/ruper/media/slider/12.jpg]
[caketheme.com/html/ruper/media/banner/banner-9.jpg]
[caketheme.com/html/ruper/media/banner/banner-10.jpg]
[caketheme.com/html/ruper/media/banner/lookbook-2.jpg]
[caketheme.com/html/ruper/media/banner/lookbook-3.jpg]
[caketheme.com/html/ruper/media/blog/4.jpg]
[caketheme.com/html/ruper/index4.html]
[caketheme.com/html/ruper/media/slider/13.jpg]
[caketheme.com/html/ruper/media/slider/14.jpg]
[caketheme.com/html/ruper/media/slider/15.jpg]
[caketheme.com/html/ruper/media/banner/lookbook-4.jpg]
[caketheme.com/html/ruper/index5.html]
[caketheme.com/html/ruper/media/slider/16.jpg]
[caketheme.com/html/ruper/media/slider/17.jpg]
[caketheme.com/html/ruper/media/slider/18.jpg]
[caketheme.com/html/ruper/media/logo-intro-2.png]
[caketheme.com/html/ruper/media/banner/banner-11.jpg]
[caketheme.com/html/ruper/media/banner/banner-12.jpg]
[caketheme.com/html/ruper/media/banner/banner-13.jpg]
[caketheme.com/html/ruper/media/banner/banner-14.jpg]
[caketheme.com/html/ruper/media/banner/banner-15.jpg]
[caketheme.com/html/ruper/media/banner/banner-16.jpg]
[caketheme.com/html/ruper/media/banner/banner-17.jpg]
[caketheme.com/html/ruper/media/banner/instagram-1.jpg]
[caketheme.com/html/ruper/media/banner/instagram-2.jpg]
[caketheme.com/html/ruper/media/banner/instagram-3.jpg]
[caketheme.com/html/ruper/media/banner/instagram-4.jpg]
[caketheme.com/html/ruper/media/banner/instagram-5.jpg]
[caketheme.com/html/ruper/index6.html]
[caketheme.com/html/ruper/media/slider/19.jpg]
[caketheme.com/html/ruper/media/slider/20.jpg]
[caketheme.com/html/ruper/media/slider/21.jpg]
[caketheme.com/html/ruper/media/product/cat-11.jpg]
[caketheme.com/html/ruper/media/product/cat-12.jpg]
[caketheme.com/html/ruper/media/product/cat-13.jpg]
[caketheme.com/html/ruper/media/product/cat-14.jpg]
[caketheme.com/html/ruper/media/banner/banner-18.jpg]
[caketheme.com/html/ruper/media/banner/banner-19.jpg]
[caketheme.com/html/ruper/media/banner/banner-20.jpg]
[caketheme.com/html/ruper/media/banner/newsletter-2.jpg]
[caketheme.com/html/ruper/media/banner/instagram-6.jpg]
[caketheme.com/html/ruper/media/banner/instagram-7.jpg]
[caketheme.com/html/ruper/media/banner/instagram-8.jpg]
[caketheme.com/html/ruper/media/banner/instagram-9.jpg]
[caketheme.com/html/ruper/media/banner/instagram-10.jpg]
[caketheme.com/html/ruper/index7.html]
[caketheme.com/html/ruper/media/slider/22.jpg]
[caketheme.com/html/ruper/media/slider/23.jpg]
[caketheme.com/html/ruper/media/slider/24.jpg]
[caketheme.com/html/ruper/media/banner/banner-21.jpg]
[caketheme.com/html/ruper/media/banner/countdown-1.png]
[caketheme.com/html/ruper/media/banner/banner-22.jpg]
[caketheme.com/html/ruper/index8.html]
[caketheme.com/html/ruper/media/slider/25.jpg]
[caketheme.com/html/ruper/media/slider/26.jpg]
[caketheme.com/html/ruper/media/slider/27.jpg]
[caketheme.com/html/ruper/index9.html]
[caketheme.com/html/ruper/media/product/cat-19.jpg]
[caketheme.com/html/ruper/media/product/cat-20.jpg]
[caketheme.com/html/ruper/media/product/cat-21.jpg]
[caketheme.com/html/ruper/media/product/cat-22.jpg]
[caketheme.com/html/ruper/media/product/cat-23.jpg]
[caketheme.com/html/ruper/media/product/cat-24.jpg]
[caketheme.com/html/ruper/media/product/cat-25.jpg]
[caketheme.com/html/ruper/media/product/cat-26.jpg]
[caketheme.com/html/ruper/media/banner/banner-23.jpg]
[caketheme.com/html/ruper/media/banner/banner-24.jpg]
[caketheme.com/html/ruper/index11.html]
[caketheme.com/html/ruper/media/slider/31.jpg]
[caketheme.com/html/ruper/media/slider/32.jpg]
[caketheme.com/html/ruper/media/slider/33.jpg]
[caketheme.com/html/ruper/media/product/cat-27.jpg]
[caketheme.com/html/ruper/media/product/cat-28.jpg]
[caketheme.com/html/ruper/media/product/cat-29.jpg]
[caketheme.com/html/ruper/media/product/cat-30.jpg]
[caketheme.com/html/ruper/media/banner/banner-25.jpg]
[caketheme.com/html/ruper/media/banner/banner-26.jpg]
[caketheme.com/html/ruper/media/banner/banner-27.jpg]
[caketheme.com/html/ruper/media/banner/banner-28.jpg]
[caketheme.com/html/ruper/index12.html]
[caketheme.com/html/ruper/media/slider/34.jpg]
[caketheme.com/html/ruper/media/slider/35.jpg]
[caketheme.com/html/ruper/media/slider/36.jpg]
[caketheme.com/html/ruper/media/banner/lookbook-6.jpg]
[caketheme.com/html/ruper/index13.html]
[caketheme.com/html/ruper/media/banner/banner-29.jpg]
[caketheme.com/html/ruper/media/banner/banner-30.jpg]
[caketheme.com/html/ruper/media/product/cat-31.jpg]
[caketheme.com/html/ruper/media/product/cat-32.jpg]
[caketheme.com/html/ruper/media/product/cat-33.jpg]
[caketheme.com/html/ruper/media/product/cat-34.jpg]
[caketheme.com/html/ruper/index14.html]
[caketheme.com/html/ruper/media/slider/37.jpg]
[caketheme.com/html/ruper/media/slider/38.jpg]
[caketheme.com/html/ruper/media/slider/39.jpg]
[caketheme.com/html/ruper/media/banner/banner-31.jpg]
[caketheme.com/html/ruper/media/banner/banner-32.jpg]
[caketheme.com/html/ruper/media/banner/banner-33.jpg]
[caketheme.com/html/ruper/media/banner/lookbook-7.jpg]
[caketheme.com/html/ruper/index15.html]
[caketheme.com/html/ruper/shop-list-left.html]
[caketheme.com/html/ruper/shop-grid-right.html]
[caketheme.com/html/ruper/shop-list-right.html]
[caketheme.com/html/ruper/shop-grid-fullwidth.html]
[caketheme.com/html/ruper/media/blog/5.jpg]
[caketheme.com/html/ruper/media/blog/6.jpg]
[caketheme.com/html/ruper/media/blog/7.jpg]
[caketheme.com/html/ruper/blog-grid-left.html]
[caketheme.com/html/ruper/blog-grid-right.html]
[caketheme.com/html/ruper/blog-list-left.html]
[caketheme.com/html/ruper/blog-list-right.html]
[caketheme.com/html/ruper/blog-grid-fullwidth.html]
[caketheme.com/html/ruper/media/blog/details.jpg]
[caketheme.com/html/ruper/blog-details-left.html]
[caketheme.com/html/ruper/blog-details-right.html]
[caketheme.com/html/ruper/blog-details-fullwidth.html]
[caketheme.com/html/ruper/page-login.html]
[caketheme.com/html/ruper/page-forgot-password.html]
[caketheme.com/html/ruper/media/banner/about-us-1.jpg]
[caketheme.com/html/ruper/media/banner/about-us-2.jpg]
[caketheme.com/html/ruper/media/banner/about-us-3.jpg]
[caketheme.com/html/ruper/page-about.html]
[caketheme.com/html/ruper/page-contact.html]
[caketheme.com/html/ruper/page-faq.html]
[caketheme.com/html/ruper/page-404.html]
[caketheme.com/html/ruper/forgot-password.html]
[caketheme.com/html/ruper/libs/feather-font/fonts/feather144f.svg]
[caketheme.com/html/ruper/libs/icomoon-font/fonts/icomoon6dbe.svg]
[caketheme.com/html/ruper/libs/font-awesome/fonts/fontawesome-webfont3e6e.html]
[caketheme.com/html/ruper/libs/wpbingofont/fonts/wpbingo6dbe.svg]
[caketheme.com/html/ruper/libs/elegant-icons/fonts/ElegantIcons.svg]
[caketheme.com/html/ruper/libs/slick/fonts/slick.svg]
[caketheme.com/html/ruper/assets/img/checkbox-dark.svg]
[caketheme.com/html/ruper/assets/img/remove-dark.svg]
[caketheme.com/html/ruper/libs/slider/css/jslider.css]
[caketheme.com/html/ruper/libs/select2/css/select2.min.css]
